Replace Part T? BC556B in C:\Users\sdorunts\Desktop\BRT\brt9-ASB-EBS\Altium\ASB&EBS\Kursovaya.SchLib with BC556B from Kursovaya.SchLib
Replace Part T? BD241C in C:\Users\sdorunts\Desktop\BRT\brt9-ASB-EBS\Altium\ASB&EBS\Kursovaya.SchLib with BD241C from Kursovaya.SchLib
Replace Part C? Capacitor 1uF 63V in C:\Users\sdorunts\Desktop\BRT\brt9-ASB-EBS\Altium\ASB&EBS\Kursovaya.SchLib with Capacitor 1uF 63V from Kursovaya.SchLib
Replace Part C? Capacitor 10uF 25V in C:\Users\sdorunts\Desktop\BRT\brt9-ASB-EBS\Altium\ASB&EBS\Kursovaya.SchLib with Capacitor 10uF 25V from Kursovaya.SchLib
Replace Part C? Capacitor 100nF 100V in C:\Users\sdorunts\Desktop\BRT\brt9-ASB-EBS\Altium\ASB&EBS\Kursovaya.SchLib with Capacitor 100nF 100V from Kursovaya.SchLib
Replace Part C? Capacitor 100pF 100V in C:\Users\sdorunts\Desktop\BRT\brt9-ASB-EBS\Altium\ASB&EBS\Kursovaya.SchLib with Capacitor 100pF 100V from Kursovaya.SchLib
Replace Part C? Capacitor 220nF in C:\Users\sdorunts\Desktop\BRT\brt9-ASB-EBS\Altium\ASB&EBS\Kursovaya.SchLib with Capacitor 220nF from Kursovaya.SchLib
Replace Part C? Capacitor 220pF in C:\Users\sdorunts\Desktop\BRT\brt9-ASB-EBS\Altium\ASB&EBS\Kursovaya.SchLib with Capacitor 220pF from Kursovaya.SchLib
Replace Part C? Capacitor 220uF 50V in C:\Users\sdorunts\Desktop\BRT\brt9-ASB-EBS\Altium\ASB&EBS\Kursovaya.SchLib with Capacitor 220uF 50V from Kursovaya.SchLib
Replace Part C? Capacitor 220uF 100V in C:\Users\sdorunts\Desktop\BRT\brt9-ASB-EBS\Altium\ASB&EBS\Kursovaya.SchLib with Capacitor 220uF 100V from Kursovaya.SchLib
Replace Part C? Capacitor 470nF in C:\Users\sdorunts\Desktop\BRT\brt9-ASB-EBS\Altium\ASB&EBS\Kursovaya.SchLib with Capacitor 470nF from Kursovaya.SchLib
Replace Part C? Capacitor 470uF 10V in C:\Users\sdorunts\Desktop\BRT\brt9-ASB-EBS\Altium\ASB&EBS\Kursovaya.SchLib with Capacitor 470uF 10V from Kursovaya.SchLib
Replace Part X? Connector EHK2V-02P in C:\Users\sdorunts\Desktop\BRT\brt9-ASB-EBS\Altium\ASB&EBS\Kursovaya.SchLib with Connector EHK2V-02P from Kursovaya.SchLib
Replace Part VD? Diode 1N4001 in C:\Users\sdorunts\Desktop\BRT\brt9-ASB-EBS\Altium\ASB&EBS\Kursovaya.SchLib with Diode 1N4001 from Kursovaya.SchLib
Replace Part VD? Diode BY399 in C:\Users\sdorunts\Desktop\BRT\brt9-ASB-EBS\Altium\ASB&EBS\Kursovaya.SchLib with Diode BY399 from Kursovaya.SchLib
Replace Part R? Resistor 0.25W in C:\Users\sdorunts\Desktop\BRT\brt9-ASB-EBS\Altium\ASB&EBS\Kursovaya.SchLib with Resistor 0.25W from Kursovaya.SchLib
Replace Part R? Resistor 1W in C:\Users\sdorunts\Desktop\BRT\brt9-ASB-EBS\Altium\ASB&EBS\Kursovaya.SchLib with Resistor 1W from Kursovaya.SchLib
Replace Part T? TIP142 in C:\Users\sdorunts\Desktop\BRT\brt9-ASB-EBS\Altium\ASB&EBS\Kursovaya.SchLib with TIP142 from Kursovaya.SchLib
Replace Part T? TIP147 in C:\Users\sdorunts\Desktop\BRT\brt9-ASB-EBS\Altium\ASB&EBS\Kursovaya.SchLib with TIP147 from Kursovaya.SchLib
Replace Part VD? ZPD12 in C:\Users\sdorunts\Desktop\BRT\brt9-ASB-EBS\Altium\ASB&EBS\Kursovaya.SchLib with ZPD12 from Kursovaya.SchLib
