Removed Pin From Net: NetName=Net*1_1 Pin=*1-1
Removed Pin From Net: NetName=Net*1_2 Pin=*1-2
Removed Pin From Net: NetName=Net*1_3 Pin=*1-3
Removed Pin From Net: NetName=Net*2_2 Pin=*2-2
Removed Pin From Net: NetName=Net*2_3 Pin=*2-3
Removed Pin From Net: NetName=Net*4_1 Pin=*4-1
Removed Pin From Net: NetName=Net*2_3 Pin=*4-2
Removed Pin From Net: NetName=Net*4_3 Pin=*4-3
Removed Pin From Net: NetName=Net*4_1 Pin=*5-2
Removed Pin From Net: NetName=Net*2_3 Pin=*5-3
Removed Member From Class: ClassName=SchemeGOST Member=*1
Removed Member From Class: ClassName=SchemeGOST Member=*2
Removed Member From Class: ClassName=SchemeGOST Member=*3
Removed Member From Class: ClassName=SchemeGOST Member=*4
Removed Member From Class: ClassName=SchemeGOST Member=*5
Added Component: Designator=T1(TO-247)
Added Component: Designator=T2(TO-92-A)
Added Component: Designator=T3(TO-92-A)
Added Component: Designator=T4(TO-247)
Added Component: Designator=T5(TO-220)
Added Pin To Net: NetName=Net*1_1 Pin=T1-1
Added Pin To Net: NetName=Net*1_2 Pin=T1-2
Added Pin To Net: NetName=Net*1_3 Pin=T1-3
Added Pin To Net: NetName=Net*2_2 Pin=T2-2
Added Pin To Net: NetName=Net*2_3 Pin=T2-3
Added Pin To Net: NetName=Net*4_1 Pin=T4-1
Added Pin To Net: NetName=Net*2_3 Pin=T4-2
Added Pin To Net: NetName=Net*4_3 Pin=T4-3
Added Pin To Net: NetName=Net*4_1 Pin=T5-2
Added Pin To Net: NetName=Net*2_3 Pin=T5-3
Change Net Name : Old Net Name=Net*1_1 New Net Name=NetC5_2
Change Net Name : Old Net Name=Net*1_2 New Net Name=NetC1_1
Change Net Name : Old Net Name=Net*1_3 New Net Name=NetR5_2
Change Net Name : Old Net Name=Net*2_2 New Net Name=NetC7_1
Change Net Name : Old Net Name=Net*2_3 New Net Name=NetC11_1
Change Net Name : Old Net Name=Net*4_1 New Net Name=NetC5_1
Change Net Name : Old Net Name=Net*4_3 New Net Name=NetR9_1
Added Pin To Net: NetName=NetC6_2 Pin=C6-2
Added Pin To Net: NetName=NetC6_2 Pin=R7-2
Added Pin To Net: NetName=NetC6_2 Pin=T3-2
Added Net: Name=NetC6_2
Added Pin To Net: NetName=NetC9_1 Pin=C9-1
Added Pin To Net: NetName=NetC9_1 Pin=R11-2
Added Pin To Net: NetName=NetC9_1 Pin=T3-3
Added Pin To Net: NetName=NetC9_1 Pin=T5-1
Added Net: Name=NetC9_1
Added Pin To Net: NetName=NetR4_1 Pin=R4-1
Added Pin To Net: NetName=NetR4_1 Pin=T2-1
Added Pin To Net: NetName=NetR4_1 Pin=T3-1
Added Net: Name=NetR4_1
Added Member To Class: ClassName=SchemeGOST Member=Component T1 TIP142
Added Member To Class: ClassName=SchemeGOST Member=Component T2 BC556B
Added Member To Class: ClassName=SchemeGOST Member=Component T3 BC556B
Added Member To Class: ClassName=SchemeGOST Member=Component T4 TIP147
Added Member To Class: ClassName=SchemeGOST Member=Component T5 BD241C
