Change Component Designator: Old Designator=C? New Designator=C13
Change Component Designator: Old Designator=R6 New Designator=R7
Change Component Designator: Old Designator=R7 New Designator=R8
Change Component Designator: Old Designator=R8 New Designator=R9
Change Component Designator: Old Designator=R9 New Designator=R10
Change Component Designator: Old Designator=R10 New Designator=R12
Change Component Designator: Old Designator=R11 New Designator=R13
Change Component Designator: Old Designator=R? New Designator=R6
Change Component Designator: Old Designator=R? New Designator=R11
Change Component Designator: Old Designator=R? New Designator=R14
Change Component Designator: Old Designator=T2 New Designator=T3
Change Component Designator: Old Designator=T3 New Designator=T4
Change Component Designator: Old Designator=T4 New Designator=T5
Change Component Designator: Old Designator=T5 New Designator=T7
Change Component Designator: Old Designator=T? New Designator=T2
Change Component Designator: Old Designator=T? New Designator=T6
Change Component Designator: Old Designator=VD2 New Designator=VD7
Change Component Designator: Old Designator=VD3 New Designator=VD12
Change Component Designator: Old Designator=VD4 New Designator=VD3
Change Component Designator: Old Designator=VD5 New Designator=VD4
Change Component Designator: Old Designator=VD6 New Designator=VD8
Change Component Designator: Old Designator=VD7 New Designator=VD9
Change Component Designator: Old Designator=VD8 New Designator=VD13
Change Component Designator: Old Designator=VD? New Designator=VD2
Change Component Designator: Old Designator=VD? New Designator=VD5
Change Component Designator: Old Designator=VD? New Designator=VD6
Change Component Designator: Old Designator=VD? New Designator=VD10
Change Component Designator: Old Designator=VD? New Designator=VD11
Change Component Designator: Old Designator=XS? New Designator=XS1
Change Component Designator: Old Designator=XS? New Designator=XS2
Change Component Designator: Old Designator=XS? New Designator=XS3
