Replace Part *1 TIP142 in C:\Users\sdorunts\Desktop\BMSTU Altium\Kursovaya\SchemeGOST.SchDoc with TIP142 from Kursovaya.SchLib
Replace Part *2 BC556B in C:\Users\sdorunts\Desktop\BMSTU Altium\Kursovaya\SchemeGOST.SchDoc with BC556B from Kursovaya.SchLib
Replace Part *3 BC556B in C:\Users\sdorunts\Desktop\BMSTU Altium\Kursovaya\SchemeGOST.SchDoc with BC556B from Kursovaya.SchLib
Replace Part *4 TIP147 in C:\Users\sdorunts\Desktop\BMSTU Altium\Kursovaya\SchemeGOST.SchDoc with TIP147 from Kursovaya.SchLib
Replace Part *5 BD241C in C:\Users\sdorunts\Desktop\BMSTU Altium\Kursovaya\SchemeGOST.SchDoc with BD241C from Kursovaya.SchLib
Replace Part C1 Capacitor 220uF 100V in C:\Users\sdorunts\Desktop\BMSTU Altium\Kursovaya\SchemeGOST.SchDoc with Capacitor 220uF 100V from Kursovaya.SchLib
Replace Part C2 Capacitor 1uF 63V in C:\Users\sdorunts\Desktop\BMSTU Altium\Kursovaya\SchemeGOST.SchDoc with Capacitor 1uF 63V from Kursovaya.SchLib
Replace Part C3 Capacitor 220nF in C:\Users\sdorunts\Desktop\BMSTU Altium\Kursovaya\SchemeGOST.SchDoc with Capacitor 220nF from Kursovaya.SchLib
Replace Part C4 Capacitor 220uF 50V in C:\Users\sdorunts\Desktop\BMSTU Altium\Kursovaya\SchemeGOST.SchDoc with Capacitor 220uF 50V from Kursovaya.SchLib
Replace Part C5 Capacitor 470nF in C:\Users\sdorunts\Desktop\BMSTU Altium\Kursovaya\SchemeGOST.SchDoc with Capacitor 470nF from Kursovaya.SchLib
Replace Part C6 Capacitor 10uF 25V in C:\Users\sdorunts\Desktop\BMSTU Altium\Kursovaya\SchemeGOST.SchDoc with Capacitor 10uF 25V from Kursovaya.SchLib
Replace Part C7 Capacitor 220pF in C:\Users\sdorunts\Desktop\BMSTU Altium\Kursovaya\SchemeGOST.SchDoc with Capacitor 220pF from Kursovaya.SchLib
Replace Part C8 Capacitor 100nF 100V in C:\Users\sdorunts\Desktop\BMSTU Altium\Kursovaya\SchemeGOST.SchDoc with Capacitor 100nF 100V from Kursovaya.SchLib
Replace Part C9 Capacitor 100pF 100V in C:\Users\sdorunts\Desktop\BMSTU Altium\Kursovaya\SchemeGOST.SchDoc with Capacitor 100pF 100V from Kursovaya.SchLib
Replace Part C10 Capacitor 470uF 10V in C:\Users\sdorunts\Desktop\BMSTU Altium\Kursovaya\SchemeGOST.SchDoc with Capacitor 470uF 10V from Kursovaya.SchLib
Replace Part C11 Capacitor 220uF 100V in C:\Users\sdorunts\Desktop\BMSTU Altium\Kursovaya\SchemeGOST.SchDoc with Capacitor 220uF 100V from Kursovaya.SchLib
Replace Part C12 Capacitor 1uF 63V in C:\Users\sdorunts\Desktop\BMSTU Altium\Kursovaya\SchemeGOST.SchDoc with Capacitor 1uF 63V from Kursovaya.SchLib
Replace Part R1 Resistor 1W in C:\Users\sdorunts\Desktop\BMSTU Altium\Kursovaya\SchemeGOST.SchDoc with Resistor 1W from Kursovaya.SchLib
Replace Part R2 Resistor 1W in C:\Users\sdorunts\Desktop\BMSTU Altium\Kursovaya\SchemeGOST.SchDoc with Resistor 1W from Kursovaya.SchLib
Replace Part R3 Resistor 1W in C:\Users\sdorunts\Desktop\BMSTU Altium\Kursovaya\SchemeGOST.SchDoc with Resistor 1W from Kursovaya.SchLib
Replace Part R4 Resistor 0.25W in C:\Users\sdorunts\Desktop\BMSTU Altium\Kursovaya\SchemeGOST.SchDoc with Resistor 0.25W from Kursovaya.SchLib
Replace Part R5 Resistor 1W in C:\Users\sdorunts\Desktop\BMSTU Altium\Kursovaya\SchemeGOST.SchDoc with Resistor 1W from Kursovaya.SchLib
Replace Part R6 Resistor 0.25W in C:\Users\sdorunts\Desktop\BMSTU Altium\Kursovaya\SchemeGOST.SchDoc with Resistor 0.25W from Kursovaya.SchLib
Replace Part R7 Resistor 0.25W in C:\Users\sdorunts\Desktop\BMSTU Altium\Kursovaya\SchemeGOST.SchDoc with Resistor 0.25W from Kursovaya.SchLib
Replace Part R8 Resistor 0.25W in C:\Users\sdorunts\Desktop\BMSTU Altium\Kursovaya\SchemeGOST.SchDoc with Resistor 0.25W from Kursovaya.SchLib
Replace Part R9 Resistor 1W in C:\Users\sdorunts\Desktop\BMSTU Altium\Kursovaya\SchemeGOST.SchDoc with Resistor 1W from Kursovaya.SchLib
Replace Part R10 Resistor 0.25W in C:\Users\sdorunts\Desktop\BMSTU Altium\Kursovaya\SchemeGOST.SchDoc with Resistor 0.25W from Kursovaya.SchLib
Replace Part R11 Resistor 0.25W in C:\Users\sdorunts\Desktop\BMSTU Altium\Kursovaya\SchemeGOST.SchDoc with Resistor 0.25W from Kursovaya.SchLib
Replace Part VD1 ZPD12 in C:\Users\sdorunts\Desktop\BMSTU Altium\Kursovaya\SchemeGOST.SchDoc with ZPD12 from Kursovaya.SchLib
Replace Part VD4 Diode BY399 in C:\Users\sdorunts\Desktop\BMSTU Altium\Kursovaya\SchemeGOST.SchDoc with Diode BY399 from Kursovaya.SchLib
Replace Part VD5 Diode BY399 in C:\Users\sdorunts\Desktop\BMSTU Altium\Kursovaya\SchemeGOST.SchDoc with Diode BY399 from Kursovaya.SchLib
Replace Part VD6 Diode BY399 in C:\Users\sdorunts\Desktop\BMSTU Altium\Kursovaya\SchemeGOST.SchDoc with Diode BY399 from Kursovaya.SchLib
Replace Part VD7 Diode BY399 in C:\Users\sdorunts\Desktop\BMSTU Altium\Kursovaya\SchemeGOST.SchDoc with Diode BY399 from Kursovaya.SchLib
